<?xml version="1.0" encoding="UTF-8"?>
<!-- Generated by org.testng.reporters.JUnitXMLReporter -->
<testsuite ignored="0" hostname="DESKTOP-RPI51N7" failures="0" tests="3" name="chrome" time="0.072" errors="0" timestamp="2025-01-20T12:34:02 IST">
  <testcase classname="testPackage.TestClassA_TestNG" name="verifyLoginPage" time="0.008"/>
  <testcase classname="testPackage.TestClassB_TestNG" name="testA" time="0.002"/>
  <testcase classname="testPackage.TestClassB_TestNG" name="testB" time="0.002"/>
</testsuite> <!-- chrome -->
