<?xml version="1.0" encoding="UTF-8"?>
<!-- Generated by org.testng.reporters.JUnitXMLReporter -->
<testsuite ignored="0" hostname="DESKTOP-RPI51N7" failures="0" tests="4" name="firefox" time="0.019" errors="0" timestamp="2025-01-20T12:30:39 IST">
  <testcase classname="testPackage.TestClassA_TestNG" name="aftermethod" time="0.003"/>
  <testcase classname="testPackage.TestClassA_TestNG" name="verifyLoginPage" time="0.001"/>
  <testcase classname="testPackage.TestClassB_TestNG" name="testA" time="0.001"/>
  <testcase classname="testPackage.TestClassB_TestNG" name="testB" time="0.0"/>
</testsuite> <!-- firefox -->
