<?xml version="1.0" encoding="UTF-8"?>
<!-- Generated by org.testng.reporters.JUnitXMLReporter -->
<testsuite ignored="0" hostname="DESKTOP-RPI51N7" failures="0" tests="4" name="Test" time="0.08" errors="0" timestamp="2025-01-20T11:56:11 IST">
  <testcase classname="testPackage.TestClassA_TestNG" name="testA" time="0.009"/>
  <testcase classname="testPackage.TestClassB_TestNG" name="testA" time="0.012"/>
  <testcase classname="testPackage.TestClassA_TestNG" name="testB" time="0.001"/>
  <testcase classname="testPackage.TestClassB_TestNG" name="testB" time="0.002"/>
</testsuite> <!-- Test -->
