<?xml version="1.0" encoding="UTF-8"?>
<testng-results ignored="0" total="1" passed="1" failed="0" skipped="0">
  <reporter-output>
  </reporter-output>
  <suite started-at="2025-02-07T17:33:42 IST" name="Default suite" finished-at="2025-02-07T17:34:07 IST" duration-ms="24663">
    <groups>
    </groups>
    <test started-at="2025-02-07T17:33:42 IST" name="Default test" finished-at="2025-02-07T17:34:07 IST" duration-ms="24663">
      <class name="test_Classes.TestClassA_TestNG">
        <test-method is-config="true" signature="beforeclass()[pri:0, instance:test_Classes.TestClassA_TestNG@7cc0cdad]" started-at="2025-02-07T17:33:42 IST" name="beforeclass" finished-at="2025-02-07T17:34:03 IST" duration-ms="20780" status="PASS">
          <reporter-output>
          </reporter-output>
        </test-method> <!-- beforeclass -->
        <test-method signature="verifyLoginPage()[pri:0, instance:test_Classes.TestClassA_TestNG@7cc0cdad]" started-at="2025-02-07T17:34:03 IST" name="verifyLoginPage" finished-at="2025-02-07T17:34:07 IST" duration-ms="3805" status="PASS">
          <reporter-output>
          </reporter-output>
        </test-method> <!-- verifyLoginPage -->
        <test-method is-config="true" signature="afterclass()[pri:0, instance:test_Classes.TestClassA_TestNG@7cc0cdad]" started-at="2025-02-07T17:34:07 IST" name="afterclass" finished-at="2025-02-07T17:34:07 IST" duration-ms="1" status="PASS">
          <reporter-output>
          </reporter-output>
        </test-method> <!-- afterclass -->
      </class> <!-- test_Classes.TestClassA_TestNG -->
    </test> <!-- Default test -->
  </suite> <!-- Default suite -->
</testng-results>
